void f1125() {
  unknown_t v1; /* range 0:0..6:0, access r:2 w:0, where r rsp - arch_byte_size */
  unknown_t v2; /* range 0:0..0:1, access r:1 w:1, where r rsp, w rsp */
  unknown_t v3; /* range 0:1..0:1, access r:0 w:1, where w rbp */
  unknown_t v4; /* range 1:0..1:0, access r:1 w:0, where r zero_extend rsp */
  unknown_t v5; /* range 1:0..1:0, access r:0 w:1, where w rbp */
  unknown_t v6; /* range 2:1..2:1, access r:1 w:0, where r rsp - 0x30 */
  unknown_t v7; /* range 2:1..2:1, access r:0 w:1, where w rsp */
  unknown_t v8; /* range 3:0..3:0, access r:1 w:0, where r zero_extend 0xFF */
  unknown_t v9; /* range 3:0..3:0, access r:0 w:1, where w rbp - 0x4 */
  unknown_t v10; /* range 4:0..4:0, access r:1 w:0, where r zero_extend rip + 0xA675 */
  unknown_t v11; /* range 4:0..4:0, access r:0 w:1, where w rax */
  unknown_t v12; /* range 5:0..5:0, access r:1 w:0, where r zero_extend 0x0 */
  unknown_t v13; /* range 5:0..5:0, access r:0 w:1, where w rax */
  void* v14; /* range 6:0..6:0, access r:0 w:1, where w rsp */
  unknown_t v15; /* range 6:1..13:2, access r:3 w:0, where r rip + instruction_byte_size, r rsp */
  unknown_t v16; /* range 6:1..6:1, access r:0 w:1, where w rsp */
  unknown_t v18; /* range 7:0..7:0, access r:1 w:0, where r zero_extend eax */
  unknown_t v19; /* range 7:0..7:0, access r:0 w:1, where w rbp - 0x4 */
  unknown_t v20; /* range 10:0..10:0, access r:1 w:0, where r zero_extend rbp - 0x4 */
  unknown_t v21; /* range 10:0..10:0, access r:0 w:1, where w eax */
  unknown_t v22; /* range 11:1..11:1, access r:1 w:0, where r rsp + 0x30 */
  int v23; /* range 11:1..11:1, access r:0 w:1, where w rsp */
  unknown_t v24; /* range 12:0..12:0, access r:0 w:1, where w rbp */
  unknown_t v25; /* range 12:1..13:0, access r:2 w:0, where r rsp + arch_byte_size */
  unknown_t v26; /* range 12:1..12:1, access r:0 w:1, where w rsp */
  unknown_t v27; /* range 13:0..13:1, access r:0 w:2, where w rsp */
  unknown_t v29; /* range 13:1..13:1, access r:1 w:0, where r rsp + zero_extend undefined */

  // 0x1125 push rbp
    /* rsp = (arch_len)rsp - arch_byte_size */
    v27 = v1;
  // 0x1126 mov rbp rsp
    /* o1 = (sizeof(o1))zero_extend o2 */
    v24 = v4;
  // 0x1129 sub rsp 0x30
    /* calc_flags [of, sf, zf, af, cf, pf] (o1 - o2) */
    { }
    /* o1 = (sizeof(o1))o1 - o2 */
    v27 = v6;
  // 0x112D mov [rbp-0x4] 0xFF
    /* o1 = (sizeof(o1))zero_extend o2 */
    v19 = v8;
  // 0x1134 mov rax [rip+0xA675]
    /* o1 = (sizeof(o1))zero_extend o2 */
    v11 = v10;
  // 0x113B mov [rax] 0x0
    /* o1 = (sizeof(o1))zero_extend o2 */
    v13 = v12;
  // 0x1141 call 0x1154
    /* rsp = (arch_len)rsp - arch_byte_size */
    v27 = v1;
    /* rsp = (arch_len)rip + instruction_byte_size */
    v16 = v15;
    /* call o1 */
    f1154(v10, v1);
}

void f1154(
  unknown_t p1 /* param reg rcx | usage: no linked variable */,
  unknown_t p2 /* param reg rdx | usage: no linked variable */
) {
  unknown_t v1; /* range 0:0..9:0, access r:2 w:0, where r rsp - arch_byte_size */
  unknown_t v2; /* range 0:0..0:1, access r:1 w:1, where r rsp, w rsp */
  unknown_t v3; /* range 0:1..0:1, access r:0 w:1, where w rbp */
  unknown_t v4; /* range 1:0..1:0, access r:1 w:0, where r zero_extend rsp */
  unknown_t v5; /* range 1:0..1:0, access r:0 w:1, where w rbp */
  unknown_t v6; /* range 2:1..2:1, access r:1 w:0, where r rsp - 0xE0 */
  unknown_t v7; /* range 2:1..2:1, access r:0 w:1, where w rsp */
  unknown_t v8; /* range 3:0..28:0, access r:6 w:0, where r zero_extend 0x0 */
  unknown_t v9; /* range 3:0..3:0, access r:0 w:1, where w rbp - 0x8 */
  unknown_t v10; /* range 4:0..4:0, access r:0 w:1, where w rbp - 0xC */
  unknown_t v11; /* range 5:0..5:0, access r:1 w:0, where r zero_extend rbp - 0xC0 */
  unknown_t v12; /* range 5:0..5:0, access r:0 w:1, where w rax */
  unknown_t v13; /* range 6:0..6:0, access r:1 w:0, where r zero_extend 0x68 */
  unknown_t v14; /* range 6:0..6:0, access r:0 w:1, where w r8d */
  unknown_t v15; /* range 7:0..7:0, access r:0 w:1, where w edx */
  unknown_t v16; /* range 8:0..27:0, access r:5 w:0, where r zero_extend rax */
  unknown_t v17; /* range 8:0..8:0, access r:0 w:1, where w rcx */
  void* v18; /* range 9:0..9:0, access r:0 w:1, where w rsp */
  unknown_t v19; /* range 9:1..9:1, access r:1 w:0, where r rip + instruction_byte_size */
  unknown_t v20; /* range 9:1..9:1, access r:0 w:1, where w rsp */
  unknown_t v22; /* range 10:0..10:0, access r:1 w:0, where r zero_extend rip + 0xA621 */
  unknown_t v23; /* range 10:0..10:0, access r:0 w:1, where w rax */
  unknown_t v24; /* range 11:0..17:0, access r:2 w:0, where r zero_extend rax */
  unknown_t v25; /* range 11:0..11:0, access r:0 w:1, where w eax */
  unknown_t v27; /* range 12:1..12:1, access r:0 w:1, where w of */
  unknown_t v28; /* range 12:2..12:2, access r:0 w:1, where w cf */
  unknown_t v30; /* range 12:3..12:3, access r:0 w:1, where w af */
  unknown_t v31; /* range 14:0..14:0, access r:0 w:1, where w rbp - 0x18 */
  unknown_t v32; /* range 15:0..15:0, access r:1 w:0, where r zero_extend 0x30 */
  unknown_t v33; /* range 15:0..15:0, access r:0 w:1, where w rbp - 0x24 */
  unknown_t v34; /* range 16:0..16:0, access r:1 w:0, where r zero_extend rbp - 0x24 */
  unknown_t v35; /* range 16:0..16:0, access r:0 w:1, where w eax */
  unknown_t v36; /* range 17:0..17:0, access r:0 w:1, where w rax */
  unknown_t v37; /* range 18:0..18:0, access r:0 w:1, where w rbp - 0x30 */
  unknown_t v38; /* range 19:0..19:0, access r:1 w:0, where r zero_extend rbp - 0x30 */
  unknown_t v39; /* range 19:0..19:0, access r:0 w:1, where w rax */
  unknown_t v40; /* range 20:0..20:0, access r:1 w:0, where r zero_extend rax + 0x8 */
  unknown_t v41; /* range 20:0..20:0, access r:0 w:1, where w rax */
  unknown_t v42; /* range 21:0..21:0, access r:0 w:1, where w rbp - 0x20 */
  unknown_t v43; /* range 22:0..22:0, access r:0 w:1, where w rbp - 0x10 */
  unknown_t v45; /* range 24:0..24:0, access r:1 w:0, where r zero_extend rip + 0xA601 */
  unknown_t v46; /* range 24:0..24:0, access r:0 w:1, where w rax */
  unknown_t v47; /* range 25:0..25:0, access r:0 w:1, where w rbp - 0x38 */
  unknown_t v48; /* range 26:0..26:0, access r:1 w:0, where r zero_extend rbp - 0x20 */
  unknown_t v49; /* range 26:0..26:0, access r:0 w:1, where w rax */
  unknown_t v50; /* range 27:0..27:0, access r:0 w:1, where w rbp - 0x40 */
  unknown_t v51; /* range 28:0..28:0, access r:0 w:1, where w rbp - 0x48 */
  unknown_t v52; /* range 29:0..29:0, access r:1 w:0, where r zero_extend rbp - 0x40 */
  unknown_t v53; /* range 29:0..29:0, access r:0 w:1, where w rcx */
  unknown_t v54; /* range 30:0..30:0, access r:1 w:0, where r zero_extend rbp - 0x48 */
  unknown_t v55; /* range 30:0..30:0, access r:0 w:1, where w rax */
  unknown_t v56; /* range 31:0..31:0, access r:1 w:0, where r zero_extend rbp - 0x38 */
  unknown_t v57; /* range 31:0..31:0, access r:0 w:1, where w rdx */

  // 0x1155 mov rbp rsp
    /* o1 = (sizeof(o1))zero_extend o2 */
    v5 = v4;
  // 0x1158 sub rsp 0xE0
    /* calc_flags [of, sf, zf, af, cf, pf] (o1 - o2) */
    { v27 = v6; v30 = v6; v28 = v6; }
  // 0x115F mov [rbp-0x8] 0x0
    /* o1 = (sizeof(o1))zero_extend o2 */
    v9 = v8;
  // 0x1167 mov [rbp-0xC] 0x0
    /* o1 = (sizeof(o1))zero_extend o2 */
    v10 = v8;
  // 0x116E lea rax [rbp-0xC0]
    /* o1 = (sizeof(o1))zero_extend o2 */
    v55 = v11;
  // 0x1175 mov r8d 0x68
    /* o1 = (sizeof(o1))zero_extend o2 */
    v14 = v13;
  // 0x117B mov edx 0x0
    /* o1 = (sizeof(o1))zero_extend o2 */
    v15 = v8;
  // 0x1180 mov rcx rax
    /* o1 = (sizeof(o1))zero_extend o2 */
    v53 = v16;
  // 0x1183 call 0x9160
    /* rsp = (arch_len)rsp - arch_byte_size */
    v18 = v1;
    /* rsp = (arch_len)rip + instruction_byte_size */
    v20 = v19;
    /* call o1 */
    f9160(v11, v16, v8, v1, v13);
}

void f1195() {
  unknown_t v1; /* range 0:0..0:0, access r:1 w:0, where r zero_extend rbp - 0xC0 */
  unknown_t v2; /* range 0:0..0:0, access r:0 w:1, where w rax */
  unknown_t v3; /* range 1:0..1:0, access r:1 w:0, where r zero_extend rax */
  unknown_t v4; /* range 1:0..1:0, access r:0 w:1, where w rcx */
  unknown_t v5; /* range 2:0..3:2, access r:2 w:0, where r rax, r zero_extend rip + 0x1007E */
  unknown_t v6; /* range 2:0..2:0, access r:0 w:1, where w rax */
  unknown_t v7; /* range 3:0..3:0, access r:1 w:0, where r rsp - arch_byte_size */
  void* v8; /* range 3:0..3:0, access r:0 w:1, where w rsp */
  unknown_t v9; /* range 3:1..3:1, access r:1 w:0, where r rip + instruction_byte_size */
  unknown_t v10; /* range 3:1..3:1, access r:0 w:1, where w rsp */

  // 0x119C mov rcx rax
    /* o1 = (sizeof(o1))zero_extend o2 */
    v4 = v3;
  // 0x119F mov rax [rip+0x1007E]
    /* o1 = (sizeof(o1))zero_extend o2 */
    v6 = v5;
  // 0x11A6 call rax
    /* rsp = (arch_len)rsp - arch_byte_size */
    v8 = v7;
    /* rsp = (arch_len)rip + instruction_byte_size */
    v10 = v9;
    /* call o1 */
    v6(v5, v3, v7);
}

void f9160(
  unknown_t p1 /* param reg rcx | usage: no linked variable */,
  unknown_t p2 /* param reg rdx | usage: no linked variable */,
  unknown_t p3 /* param reg r8 | usage: no linked variable */,
  unknown_t p4 /* param reg r9 | usage: no linked variable */,
  unknown_t p5 /* param stack +0x30 | usage: no linked variable */
) {
  // 0x9160 jmp [rip+0x8206]
    /* jmp o1 */
    goto *0x1136C;
}
